{"level":"info","message":"API Gateway is running on port 3000","service":"api-gateway-service","timestamp":"2025-01-09T16:51:09.485Z"}
{"level":"info","message":"Identity service is running on port http://localhost:3001","service":"api-gateway-service","timestamp":"2025-01-09T16:51:09.501Z"}
{"level":"info","message":"Redis is running on port redis://localhost:6379","service":"api-gateway-service","timestamp":"2025-01-09T16:51:09.501Z"}
{"level":"info","message":"API Gateway is running on port 3000","service":"api-gateway-service","timestamp":"2025-01-09T16:52:36.703Z"}
{"level":"info","message":"Identity service is running on port http://localhost:3001","service":"api-gateway-service","timestamp":"2025-01-09T16:52:36.707Z"}
{"level":"info","message":"Redis is running on port redis://localhost:6379","service":"api-gateway-service","timestamp":"2025-01-09T16:52:36.707Z"}
{"level":"error","message":"ReferenceError: rateLimiter is not defined\n    at /root/code/Harrytimbog/microservices/social-media-microservices/api-gateway/src/server.js:43:3\n    at Layer.handle [as handle_request] (/root/code/Harrytimbog/microservices/social-media-microservices/api-gateway/node_modules/express/lib/router/layer.js:95:5)\n    at trim_prefix (/root/code/Harrytimbog/microservices/social-media-microservices/api-gateway/node_modules/express/lib/router/index.js:328:13)\n    at /root/code/Harrytimbog/microservices/social-media-microservices/api-gateway/node_modules/express/lib/router/index.js:286:9\n    at Function.process_params (/root/code/Harrytimbog/microservices/social-media-microservices/api-gateway/node_modules/express/lib/router/index.js:346:12)\n    at next (/root/code/Harrytimbog/microservices/social-media-microservices/api-gateway/node_modules/express/lib/router/index.js:280:10)\n    at /root/code/Harrytimbog/microservices/social-media-microservices/api-gateway/node_modules/express-rate-limit/dist/index.cjs:822:7\n    at process.processTicksAndRejections (node:internal/process/task_queues:95:5)\n    at async /root/code/Harrytimbog/microservices/social-media-microservices/api-gateway/node_modules/express-rate-limit/dist/index.cjs:704:5","service":"api-gateway-service","timestamp":"2025-01-09T16:55:51.714Z"}
{"level":"info","message":"API Gateway is running on port 3000","service":"api-gateway-service","timestamp":"2025-01-09T16:58:33.307Z"}
{"level":"info","message":"Identity service is running on port http://localhost:3001","service":"api-gateway-service","timestamp":"2025-01-09T16:58:33.314Z"}
{"level":"info","message":"Redis is running on port redis://localhost:6379","service":"api-gateway-service","timestamp":"2025-01-09T16:58:33.315Z"}
{"level":"info","message":"API Gateway is running on port 3000","service":"api-gateway-service","timestamp":"2025-01-09T16:58:38.152Z"}
{"level":"info","message":"Identity service is running on port http://localhost:3001","service":"api-gateway-service","timestamp":"2025-01-09T16:58:38.155Z"}
{"level":"info","message":"Redis is running on port redis://localhost:6379","service":"api-gateway-service","timestamp":"2025-01-09T16:58:38.156Z"}
{"level":"info","message":"Response received from Identity service: 400","service":"api-gateway-service","timestamp":"2025-01-09T16:59:00.021Z"}
{"level":"info","message":"Response received from Identity service: 400","service":"api-gateway-service","timestamp":"2025-01-09T16:59:02.719Z"}
{"level":"info","message":"Response received from Identity service: 400","service":"api-gateway-service","timestamp":"2025-01-09T16:59:17.902Z"}
{"level":"info","message":"Response received from Identity service: 201","service":"api-gateway-service","timestamp":"2025-01-09T16:59:35.100Z"}
{"level":"error","message":"Proxy error: connect ECONNREFUSED 127.0.0.1:3001","service":"api-gateway-service","timestamp":"2025-01-09T17:38:09.070Z"}
{"level":"error","message":"Error: connect ECONNREFUSED 127.0.0.1:3001\n    at TCPConnectWrap.afterConnect [as oncomplete] (node:net:1607:16)","service":"api-gateway-service","timestamp":"2025-01-09T17:38:09.082Z"}
{"level":"info","message":"Response received from Identity service: 200","service":"api-gateway-service","timestamp":"2025-01-09T17:40:13.569Z"}
{"level":"error","message":"Proxy error: connect ECONNREFUSED 127.0.0.1:3001","service":"api-gateway-service","timestamp":"2025-01-09T18:20:05.500Z"}
{"level":"error","message":"Error: connect ECONNREFUSED 127.0.0.1:3001\n    at TCPConnectWrap.afterConnect [as oncomplete] (node:net:1607:16)","service":"api-gateway-service","timestamp":"2025-01-09T18:20:05.503Z"}
{"level":"info","message":"Response received from Identity service: 400","service":"api-gateway-service","timestamp":"2025-01-09T18:21:02.807Z"}
{"level":"info","message":"Response received from Identity service: 400","service":"api-gateway-service","timestamp":"2025-01-09T18:21:20.362Z"}
{"level":"info","message":"Response received from Identity service: 201","service":"api-gateway-service","timestamp":"2025-01-09T18:21:33.818Z"}
{"level":"info","message":"Response received from Identity service: 200","service":"api-gateway-service","timestamp":"2025-01-09T18:22:01.284Z"}
{"level":"info","message":"API Gateway is running on port 3000","service":"api-gateway-service","timestamp":"2025-01-09T19:50:14.893Z"}
{"level":"info","message":"Identity service is running on port http://localhost:3001","service":"api-gateway-service","timestamp":"2025-01-09T19:50:14.898Z"}
{"level":"info","message":"Redis is running on port redis://localhost:6379","service":"api-gateway-service","timestamp":"2025-01-09T19:50:14.899Z"}
{"level":"info","message":"API Gateway is running on port 3000","service":"api-gateway-service","timestamp":"2025-01-09T19:50:16.582Z"}
{"level":"info","message":"Identity service is running on port http://localhost:3001","service":"api-gateway-service","timestamp":"2025-01-09T19:50:16.586Z"}
{"level":"info","message":"Redis is running on port redis://localhost:6379","service":"api-gateway-service","timestamp":"2025-01-09T19:50:16.587Z"}
{"level":"info","message":"API Gateway is running on port 3000","service":"api-gateway-service","timestamp":"2025-01-09T19:50:20.097Z"}
{"level":"info","message":"Identity service is running on port http://localhost:3001","service":"api-gateway-service","timestamp":"2025-01-09T19:50:20.101Z"}
{"level":"info","message":"Redis is running on port redis://localhost:6379","service":"api-gateway-service","timestamp":"2025-01-09T19:50:20.101Z"}
{"level":"info","message":"API Gateway is running on port 3000","service":"api-gateway-service","timestamp":"2025-01-09T19:50:22.975Z"}
{"level":"info","message":"Identity service is running on port http://localhost:3001","service":"api-gateway-service","timestamp":"2025-01-09T19:50:22.979Z"}
{"level":"info","message":"Redis is running on port redis://localhost:6379","service":"api-gateway-service","timestamp":"2025-01-09T19:50:22.979Z"}
{"level":"info","message":"API Gateway is running on port 3000","service":"api-gateway-service","timestamp":"2025-01-09T19:50:27.372Z"}
{"level":"info","message":"Identity service is running on port http://localhost:3001","service":"api-gateway-service","timestamp":"2025-01-09T19:50:27.378Z"}
{"level":"info","message":"Redis is running on port redis://localhost:6379","service":"api-gateway-service","timestamp":"2025-01-09T19:50:27.379Z"}
{"level":"info","message":"API Gateway is running on port 3000","service":"api-gateway-service","timestamp":"2025-01-09T19:50:30.228Z"}
{"level":"info","message":"Identity service is running on port http://localhost:3001","service":"api-gateway-service","timestamp":"2025-01-09T19:50:30.232Z"}
{"level":"info","message":"Redis is running on port redis://localhost:6379","service":"api-gateway-service","timestamp":"2025-01-09T19:50:30.232Z"}
{"level":"info","message":"API Gateway is running on port 3000","service":"api-gateway-service","timestamp":"2025-01-09T19:50:32.812Z"}
{"level":"info","message":"Identity service is running on port http://localhost:3001","service":"api-gateway-service","timestamp":"2025-01-09T19:50:32.815Z"}
{"level":"info","message":"Redis is running on port redis://localhost:6379","service":"api-gateway-service","timestamp":"2025-01-09T19:50:32.816Z"}
{"level":"info","message":"API Gateway is running on port 3000","service":"api-gateway-service","timestamp":"2025-01-09T19:50:47.198Z"}
{"level":"info","message":"Identity service is running on port http://localhost:3001","service":"api-gateway-service","timestamp":"2025-01-09T19:50:47.202Z"}
{"level":"info","message":"Redis is running on port redis://localhost:6379","service":"api-gateway-service","timestamp":"2025-01-09T19:50:47.202Z"}
{"level":"info","message":"API Gateway is running on port 3000","service":"api-gateway-service","timestamp":"2025-01-09T19:50:49.198Z"}
{"level":"info","message":"Identity service is running on port http://localhost:3001","service":"api-gateway-service","timestamp":"2025-01-09T19:50:49.201Z"}
{"level":"info","message":"Redis is running on port redis://localhost:6379","service":"api-gateway-service","timestamp":"2025-01-09T19:50:49.202Z"}
{"level":"info","message":"API Gateway is running on port 3000","service":"api-gateway-service","timestamp":"2025-01-09T19:51:19.036Z"}
{"level":"info","message":"Identity service is running on port http://localhost:3001","service":"api-gateway-service","timestamp":"2025-01-09T19:51:19.045Z"}
{"level":"info","message":"Redis is running on port redis://localhost:6379","service":"api-gateway-service","timestamp":"2025-01-09T19:51:19.047Z"}
{"level":"info","message":"API Gateway is running on port 3000","service":"api-gateway-service","timestamp":"2025-01-09T19:52:23.203Z"}
{"level":"info","message":"Identity service is running on port http://localhost:3001","service":"api-gateway-service","timestamp":"2025-01-09T19:52:23.209Z"}
{"level":"info","message":"Redis is running on port redis://localhost:6379","service":"api-gateway-service","timestamp":"2025-01-09T19:52:23.210Z"}
{"level":"info","message":"API Gateway is running on port 3000","service":"api-gateway-service","timestamp":"2025-01-09T19:52:27.764Z"}
{"level":"info","message":"Identity service is running on port http://localhost:3001","service":"api-gateway-service","timestamp":"2025-01-09T19:52:27.767Z"}
{"level":"info","message":"Redis is running on port redis://localhost:6379","service":"api-gateway-service","timestamp":"2025-01-09T19:52:27.768Z"}
{"level":"info","message":"API Gateway is running on port 3000","service":"api-gateway-service","timestamp":"2025-01-09T19:52:30.468Z"}
{"level":"info","message":"Identity service is running on port http://localhost:3001","service":"api-gateway-service","timestamp":"2025-01-09T19:52:30.475Z"}
{"level":"info","message":"Redis is running on port redis://localhost:6379","service":"api-gateway-service","timestamp":"2025-01-09T19:52:30.477Z"}
{"level":"info","message":"API Gateway is running on port 3000","service":"api-gateway-service","timestamp":"2025-01-09T19:52:32.688Z"}
{"level":"info","message":"Identity service is running on port http://localhost:3001","service":"api-gateway-service","timestamp":"2025-01-09T19:52:32.691Z"}
{"level":"info","message":"Redis is running on port redis://localhost:6379","service":"api-gateway-service","timestamp":"2025-01-09T19:52:32.692Z"}
{"level":"info","message":"API Gateway is running on port 3000","service":"api-gateway-service","timestamp":"2025-01-09T19:52:34.727Z"}
{"level":"info","message":"Identity service is running on port http://localhost:3001","service":"api-gateway-service","timestamp":"2025-01-09T19:52:34.731Z"}
{"level":"info","message":"Redis is running on port redis://localhost:6379","service":"api-gateway-service","timestamp":"2025-01-09T19:52:34.732Z"}
{"level":"info","message":"API Gateway is running on port 3000","service":"api-gateway-service","timestamp":"2025-01-09T19:52:40.208Z"}
{"level":"info","message":"Identity service is running on port http://localhost:3001","service":"api-gateway-service","timestamp":"2025-01-09T19:52:40.212Z"}
{"level":"info","message":"Redis is running on port redis://localhost:6379","service":"api-gateway-service","timestamp":"2025-01-09T19:52:40.213Z"}
{"level":"info","message":"API Gateway is running on port 3000","service":"api-gateway-service","timestamp":"2025-01-09T19:52:52.116Z"}
{"level":"info","message":"Identity service is running on port http://localhost:3001","service":"api-gateway-service","timestamp":"2025-01-09T19:52:52.119Z"}
{"level":"info","message":"Redis is running on port redis://localhost:6379","service":"api-gateway-service","timestamp":"2025-01-09T19:52:52.120Z"}
{"level":"info","message":"API Gateway is running on port 3000","service":"api-gateway-service","timestamp":"2025-01-09T19:52:53.492Z"}
{"level":"info","message":"Identity service is running on port http://localhost:3001","service":"api-gateway-service","timestamp":"2025-01-09T19:52:53.496Z"}
{"level":"info","message":"Redis is running on port redis://localhost:6379","service":"api-gateway-service","timestamp":"2025-01-09T19:52:53.497Z"}
{"level":"info","message":"API Gateway is running on port 3000","service":"api-gateway-service","timestamp":"2025-01-09T19:53:01.608Z"}
{"level":"info","message":"Identity service is running on port http://localhost:3001","service":"api-gateway-service","timestamp":"2025-01-09T19:53:01.612Z"}
{"level":"info","message":"Redis is running on port redis://localhost:6379","service":"api-gateway-service","timestamp":"2025-01-09T19:53:01.613Z"}
{"level":"info","message":"API Gateway is running on port 3000","service":"api-gateway-service","timestamp":"2025-01-09T19:53:08.589Z"}
{"level":"info","message":"Identity service is running on port http://localhost:3001","service":"api-gateway-service","timestamp":"2025-01-09T19:53:08.593Z"}
{"level":"info","message":"Redis is running on port redis://localhost:6379","service":"api-gateway-service","timestamp":"2025-01-09T19:53:08.594Z"}
{"level":"info","message":"API Gateway is running on port 3000","service":"api-gateway-service","timestamp":"2025-01-09T19:53:44.189Z"}
{"level":"info","message":"Identity service is running on port http://localhost:3001","service":"api-gateway-service","timestamp":"2025-01-09T19:53:44.198Z"}
{"level":"info","message":"Redis is running on port redis://localhost:6379","service":"api-gateway-service","timestamp":"2025-01-09T19:53:44.199Z"}
{"level":"info","message":"API Gateway is running on port 3000","service":"api-gateway-service","timestamp":"2025-01-09T19:53:47.761Z"}
{"level":"info","message":"Identity service is running on port http://localhost:3001","service":"api-gateway-service","timestamp":"2025-01-09T19:53:47.771Z"}
{"level":"info","message":"Redis is running on port redis://localhost:6379","service":"api-gateway-service","timestamp":"2025-01-09T19:53:47.772Z"}
{"level":"info","message":"API Gateway is running on port 3000","service":"api-gateway-service","timestamp":"2025-01-09T19:53:50.080Z"}
{"level":"info","message":"Identity service is running on port http://localhost:3001","service":"api-gateway-service","timestamp":"2025-01-09T19:53:50.084Z"}
{"level":"info","message":"Redis is running on port redis://localhost:6379","service":"api-gateway-service","timestamp":"2025-01-09T19:53:50.084Z"}
{"level":"info","message":"API Gateway is running on port 3000","service":"api-gateway-service","timestamp":"2025-01-09T19:53:53.656Z"}
{"level":"info","message":"Identity service is running on port http://localhost:3001","service":"api-gateway-service","timestamp":"2025-01-09T19:53:53.659Z"}
{"level":"info","message":"Redis is running on port redis://localhost:6379","service":"api-gateway-service","timestamp":"2025-01-09T19:53:53.660Z"}
{"level":"info","message":"API Gateway is running on port 3000","service":"api-gateway-service","timestamp":"2025-01-09T19:53:57.057Z"}
{"level":"info","message":"Identity service is running on port http://localhost:3001","service":"api-gateway-service","timestamp":"2025-01-09T19:53:57.061Z"}
{"level":"info","message":"Redis is running on port redis://localhost:6379","service":"api-gateway-service","timestamp":"2025-01-09T19:53:57.061Z"}
{"level":"info","message":"API Gateway is running on port 3000","service":"api-gateway-service","timestamp":"2025-01-09T19:53:59.522Z"}
{"level":"info","message":"Identity service is running on port http://localhost:3001","service":"api-gateway-service","timestamp":"2025-01-09T19:53:59.526Z"}
{"level":"info","message":"Redis is running on port redis://localhost:6379","service":"api-gateway-service","timestamp":"2025-01-09T19:53:59.526Z"}
{"level":"info","message":"API Gateway is running on port 3000","service":"api-gateway-service","timestamp":"2025-01-09T19:54:04.159Z"}
{"level":"info","message":"Identity service is running on port http://localhost:3001","service":"api-gateway-service","timestamp":"2025-01-09T19:54:04.163Z"}
{"level":"info","message":"Redis is running on port redis://localhost:6379","service":"api-gateway-service","timestamp":"2025-01-09T19:54:04.164Z"}
{"level":"info","message":"API Gateway is running on port 3000","service":"api-gateway-service","timestamp":"2025-01-09T19:54:13.981Z"}
{"level":"info","message":"Identity service is running on port http://localhost:3001","service":"api-gateway-service","timestamp":"2025-01-09T19:54:13.986Z"}
{"level":"info","message":"Redis is running on port redis://localhost:6379","service":"api-gateway-service","timestamp":"2025-01-09T19:54:13.987Z"}
{"level":"info","message":"API Gateway is running on port 3000","service":"api-gateway-service","timestamp":"2025-01-09T19:54:15.531Z"}
{"level":"info","message":"Identity service is running on port http://localhost:3001","service":"api-gateway-service","timestamp":"2025-01-09T19:54:15.534Z"}
{"level":"info","message":"Redis is running on port redis://localhost:6379","service":"api-gateway-service","timestamp":"2025-01-09T19:54:15.535Z"}
{"level":"info","message":"API Gateway is running on port 3000","service":"api-gateway-service","timestamp":"2025-01-09T19:54:17.461Z"}
{"level":"info","message":"Identity service is running on port http://localhost:3001","service":"api-gateway-service","timestamp":"2025-01-09T19:54:17.465Z"}
{"level":"info","message":"Redis is running on port redis://localhost:6379","service":"api-gateway-service","timestamp":"2025-01-09T19:54:17.465Z"}
{"level":"info","message":"API Gateway is running on port 3000","service":"api-gateway-service","timestamp":"2025-01-09T19:54:17.772Z"}
{"level":"info","message":"Identity service is running on port http://localhost:3001","service":"api-gateway-service","timestamp":"2025-01-09T19:54:17.775Z"}
{"level":"info","message":"Redis is running on port redis://localhost:6379","service":"api-gateway-service","timestamp":"2025-01-09T19:54:17.776Z"}
{"level":"info","message":"API Gateway is running on port 3000","service":"api-gateway-service","timestamp":"2025-01-09T19:54:23.542Z"}
{"level":"info","message":"Identity service is running on port http://localhost:3001","service":"api-gateway-service","timestamp":"2025-01-09T19:54:23.545Z"}
{"level":"info","message":"Redis is running on port redis://localhost:6379","service":"api-gateway-service","timestamp":"2025-01-09T19:54:23.546Z"}
{"level":"info","message":"API Gateway is running on port 3000","service":"api-gateway-service","timestamp":"2025-01-09T19:54:23.861Z"}
{"level":"info","message":"Identity service is running on port http://localhost:3001","service":"api-gateway-service","timestamp":"2025-01-09T19:54:23.867Z"}
{"level":"info","message":"Redis is running on port redis://localhost:6379","service":"api-gateway-service","timestamp":"2025-01-09T19:54:23.868Z"}
{"level":"info","message":"API Gateway is running on port 3000","service":"api-gateway-service","timestamp":"2025-01-09T19:55:01.538Z"}
{"level":"info","message":"Identity service is running on port http://localhost:3001","service":"api-gateway-service","timestamp":"2025-01-09T19:55:01.541Z"}
{"level":"info","message":"Redis is running on port redis://localhost:6379","service":"api-gateway-service","timestamp":"2025-01-09T19:55:01.542Z"}
{"level":"info","message":"API Gateway is running on port 3000","service":"api-gateway-service","timestamp":"2025-01-09T19:55:03.513Z"}
{"level":"info","message":"Identity service is running on port http://localhost:3001","service":"api-gateway-service","timestamp":"2025-01-09T19:55:03.517Z"}
{"level":"info","message":"Redis is running on port redis://localhost:6379","service":"api-gateway-service","timestamp":"2025-01-09T19:55:03.518Z"}
{"level":"info","message":"API Gateway is running on port 3000","service":"api-gateway-service","timestamp":"2025-01-09T19:55:12.132Z"}
{"level":"info","message":"Identity service is running on port http://localhost:3001","service":"api-gateway-service","timestamp":"2025-01-09T19:55:12.139Z"}
{"level":"info","message":"Redis is running on port redis://localhost:6379","service":"api-gateway-service","timestamp":"2025-01-09T19:55:12.140Z"}
{"level":"info","message":"API Gateway is running on port 3000","service":"api-gateway-service","timestamp":"2025-01-09T19:55:12.554Z"}
{"level":"info","message":"Identity service is running on port http://localhost:3001","service":"api-gateway-service","timestamp":"2025-01-09T19:55:12.558Z"}
{"level":"info","message":"Redis is running on port redis://localhost:6379","service":"api-gateway-service","timestamp":"2025-01-09T19:55:12.558Z"}
{"level":"info","message":"API Gateway is running on port 3000","service":"api-gateway-service","timestamp":"2025-01-09T19:55:14.289Z"}
{"level":"info","message":"Identity service is running on port http://localhost:3001","service":"api-gateway-service","timestamp":"2025-01-09T19:55:14.292Z"}
{"level":"info","message":"Redis is running on port redis://localhost:6379","service":"api-gateway-service","timestamp":"2025-01-09T19:55:14.293Z"}
{"level":"info","message":"API Gateway is running on port 3000","service":"api-gateway-service","timestamp":"2025-01-09T19:55:23.349Z"}
{"level":"info","message":"Identity service is running on port http://localhost:3001","service":"api-gateway-service","timestamp":"2025-01-09T19:55:23.353Z"}
{"level":"info","message":"Redis is running on port redis://localhost:6379","service":"api-gateway-service","timestamp":"2025-01-09T19:55:23.355Z"}
{"level":"info","message":"API Gateway is running on port 3000","service":"api-gateway-service","timestamp":"2025-01-09T19:55:30.231Z"}
{"level":"info","message":"Identity service is running on port http://localhost:3001","service":"api-gateway-service","timestamp":"2025-01-09T19:55:30.234Z"}
{"level":"info","message":"Redis is running on port redis://localhost:6379","service":"api-gateway-service","timestamp":"2025-01-09T19:55:30.235Z"}
{"level":"info","message":"API Gateway is running on port 3000","service":"api-gateway-service","timestamp":"2025-01-09T19:55:32.271Z"}
{"level":"info","message":"Identity service is running on port http://localhost:3001","service":"api-gateway-service","timestamp":"2025-01-09T19:55:32.274Z"}
{"level":"info","message":"Redis is running on port redis://localhost:6379","service":"api-gateway-service","timestamp":"2025-01-09T19:55:32.275Z"}
{"level":"info","message":"API Gateway is running on port 3000","service":"api-gateway-service","timestamp":"2025-01-09T19:55:36.068Z"}
{"level":"info","message":"Identity service is running on port http://localhost:3001","service":"api-gateway-service","timestamp":"2025-01-09T19:55:36.072Z"}
{"level":"info","message":"Redis is running on port redis://localhost:6379","service":"api-gateway-service","timestamp":"2025-01-09T19:55:36.073Z"}
{"level":"info","message":"API Gateway is running on port 3000","service":"api-gateway-service","timestamp":"2025-01-09T19:55:42.752Z"}
{"level":"info","message":"Identity service is running on port http://localhost:3001","service":"api-gateway-service","timestamp":"2025-01-09T19:55:42.757Z"}
{"level":"info","message":"Redis is running on port redis://localhost:6379","service":"api-gateway-service","timestamp":"2025-01-09T19:55:42.758Z"}
{"level":"info","message":"API Gateway is running on port 3000","service":"api-gateway-service","timestamp":"2025-01-09T19:55:45.317Z"}
{"level":"info","message":"Identity service is running on port http://localhost:3001","service":"api-gateway-service","timestamp":"2025-01-09T19:55:45.333Z"}
{"level":"info","message":"Redis is running on port redis://localhost:6379","service":"api-gateway-service","timestamp":"2025-01-09T19:55:45.335Z"}
{"level":"info","message":"API Gateway is running on port 3000","service":"api-gateway-service","timestamp":"2025-01-09T19:55:50.274Z"}
{"level":"info","message":"Identity service is running on port http://localhost:3001","service":"api-gateway-service","timestamp":"2025-01-09T19:55:50.279Z"}
{"level":"info","message":"Redis is running on port redis://localhost:6379","service":"api-gateway-service","timestamp":"2025-01-09T19:55:50.280Z"}
{"level":"info","message":"API Gateway is running on port 3000","service":"api-gateway-service","timestamp":"2025-01-09T19:55:51.202Z"}
{"level":"info","message":"Identity service is running on port http://localhost:3001","service":"api-gateway-service","timestamp":"2025-01-09T19:55:51.205Z"}
{"level":"info","message":"Redis is running on port redis://localhost:6379","service":"api-gateway-service","timestamp":"2025-01-09T19:55:51.206Z"}
{"level":"info","message":"API Gateway is running on port 3000","service":"api-gateway-service","timestamp":"2025-01-09T19:55:54.069Z"}
{"level":"info","message":"Identity service is running on port http://localhost:3001","service":"api-gateway-service","timestamp":"2025-01-09T19:55:54.073Z"}
{"level":"info","message":"Redis is running on port redis://localhost:6379","service":"api-gateway-service","timestamp":"2025-01-09T19:55:54.073Z"}
{"level":"info","message":"API Gateway is running on port 3000","service":"api-gateway-service","timestamp":"2025-01-09T19:55:58.777Z"}
{"level":"info","message":"Identity service is running on port http://localhost:3001","service":"api-gateway-service","timestamp":"2025-01-09T19:55:58.783Z"}
{"level":"info","message":"Redis is running on port redis://localhost:6379","service":"api-gateway-service","timestamp":"2025-01-09T19:55:58.784Z"}
{"level":"info","message":"API Gateway is running on port 3000","service":"api-gateway-service","timestamp":"2025-01-09T19:56:32.305Z"}
{"level":"info","message":"Identity service is running on port http://localhost:3001","service":"api-gateway-service","timestamp":"2025-01-09T19:56:32.310Z"}
{"level":"info","message":"Redis is running on port redis://localhost:6379","service":"api-gateway-service","timestamp":"2025-01-09T19:56:32.311Z"}
{"level":"info","message":"API Gateway is running on port 3000","service":"api-gateway-service","timestamp":"2025-01-09T19:56:40.356Z"}
{"level":"info","message":"Identity service is running on port http://localhost:3001","service":"api-gateway-service","timestamp":"2025-01-09T19:56:40.359Z"}
{"level":"info","message":"Redis is running on port redis://localhost:6379","service":"api-gateway-service","timestamp":"2025-01-09T19:56:40.360Z"}
{"level":"info","message":"API Gateway is running on port 3000","service":"api-gateway-service","timestamp":"2025-01-09T19:56:45.958Z"}
{"level":"info","message":"Identity service is running on port http://localhost:3001","service":"api-gateway-service","timestamp":"2025-01-09T19:56:45.968Z"}
{"level":"info","message":"Redis is running on port redis://localhost:6379","service":"api-gateway-service","timestamp":"2025-01-09T19:56:45.969Z"}
{"level":"info","message":"API Gateway is running on port 3000","service":"api-gateway-service","timestamp":"2025-01-09T19:56:47.894Z"}
{"level":"info","message":"Identity service is running on port http://localhost:3001","service":"api-gateway-service","timestamp":"2025-01-09T19:56:47.901Z"}
{"level":"info","message":"Redis is running on port redis://localhost:6379","service":"api-gateway-service","timestamp":"2025-01-09T19:56:47.902Z"}
{"level":"info","message":"API Gateway is running on port 3000","service":"api-gateway-service","timestamp":"2025-01-09T19:56:50.125Z"}
{"level":"info","message":"Identity service is running on port http://localhost:3001","service":"api-gateway-service","timestamp":"2025-01-09T19:56:50.129Z"}
{"level":"info","message":"Redis is running on port redis://localhost:6379","service":"api-gateway-service","timestamp":"2025-01-09T19:56:50.129Z"}
{"level":"info","message":"API Gateway is running on port 3000","service":"api-gateway-service","timestamp":"2025-01-09T19:56:53.595Z"}
{"level":"info","message":"Identity service is running on port http://localhost:3001","service":"api-gateway-service","timestamp":"2025-01-09T19:56:53.598Z"}
{"level":"info","message":"Redis is running on port redis://localhost:6379","service":"api-gateway-service","timestamp":"2025-01-09T19:56:53.599Z"}
{"level":"info","message":"API Gateway is running on port 3000","service":"api-gateway-service","timestamp":"2025-01-09T19:57:00.332Z"}
{"level":"info","message":"Identity service is running on port http://localhost:3001","service":"api-gateway-service","timestamp":"2025-01-09T19:57:00.337Z"}
{"level":"info","message":"Redis is running on port redis://localhost:6379","service":"api-gateway-service","timestamp":"2025-01-09T19:57:00.338Z"}
{"level":"info","message":"API Gateway is running on port 3000","service":"api-gateway-service","timestamp":"2025-01-09T19:57:02.174Z"}
{"level":"info","message":"Identity service is running on port http://localhost:3001","service":"api-gateway-service","timestamp":"2025-01-09T19:57:02.179Z"}
{"level":"info","message":"Redis is running on port redis://localhost:6379","service":"api-gateway-service","timestamp":"2025-01-09T19:57:02.180Z"}
{"level":"info","message":"API Gateway is running on port 3000","service":"api-gateway-service","timestamp":"2025-01-09T19:57:05.119Z"}
{"level":"info","message":"Identity service is running on port http://localhost:3001","service":"api-gateway-service","timestamp":"2025-01-09T19:57:05.122Z"}
{"level":"info","message":"Redis is running on port redis://localhost:6379","service":"api-gateway-service","timestamp":"2025-01-09T19:57:05.123Z"}
{"level":"info","message":"API Gateway is running on port 3000","service":"api-gateway-service","timestamp":"2025-01-09T19:57:13.557Z"}
{"level":"info","message":"Identity service is running on port http://localhost:3001","service":"api-gateway-service","timestamp":"2025-01-09T19:57:13.561Z"}
{"level":"info","message":"Redis is running on port redis://localhost:6379","service":"api-gateway-service","timestamp":"2025-01-09T19:57:13.562Z"}
{"level":"info","message":"API Gateway is running on port 3000","service":"api-gateway-service","timestamp":"2025-01-09T19:57:16.210Z"}
{"level":"info","message":"Identity service is running on port http://localhost:3001","service":"api-gateway-service","timestamp":"2025-01-09T19:57:16.214Z"}
{"level":"info","message":"Redis is running on port redis://localhost:6379","service":"api-gateway-service","timestamp":"2025-01-09T19:57:16.214Z"}
{"level":"info","message":"API Gateway is running on port 3000","service":"api-gateway-service","timestamp":"2025-01-09T19:57:18.051Z"}
{"level":"info","message":"Identity service is running on port http://localhost:3001","service":"api-gateway-service","timestamp":"2025-01-09T19:57:18.054Z"}
{"level":"info","message":"Redis is running on port redis://localhost:6379","service":"api-gateway-service","timestamp":"2025-01-09T19:57:18.055Z"}
{"level":"info","message":"API Gateway is running on port 3000","service":"api-gateway-service","timestamp":"2025-01-09T19:57:22.323Z"}
{"level":"info","message":"Identity service is running on port http://localhost:3001","service":"api-gateway-service","timestamp":"2025-01-09T19:57:22.326Z"}
{"level":"info","message":"Redis is running on port redis://localhost:6379","service":"api-gateway-service","timestamp":"2025-01-09T19:57:22.327Z"}
{"level":"info","message":"API Gateway is running on port 3000","service":"api-gateway-service","timestamp":"2025-01-09T19:57:24.123Z"}
{"level":"info","message":"Identity service is running on port http://localhost:3001","service":"api-gateway-service","timestamp":"2025-01-09T19:57:24.130Z"}
{"level":"info","message":"Redis is running on port redis://localhost:6379","service":"api-gateway-service","timestamp":"2025-01-09T19:57:24.131Z"}
{"level":"info","message":"API Gateway is running on port 3000","service":"api-gateway-service","timestamp":"2025-01-09T19:57:29.657Z"}
{"level":"info","message":"Identity service is running on port http://localhost:3001","service":"api-gateway-service","timestamp":"2025-01-09T19:57:29.660Z"}
{"level":"info","message":"Redis is running on port redis://localhost:6379","service":"api-gateway-service","timestamp":"2025-01-09T19:57:29.661Z"}
{"level":"info","message":"API Gateway is running on port 3000","service":"api-gateway-service","timestamp":"2025-01-09T19:57:33.405Z"}
{"level":"info","message":"Identity service is running on port http://localhost:3001","service":"api-gateway-service","timestamp":"2025-01-09T19:57:33.409Z"}
{"level":"info","message":"Redis is running on port redis://localhost:6379","service":"api-gateway-service","timestamp":"2025-01-09T19:57:33.410Z"}
{"level":"info","message":"API Gateway is running on port 3000","service":"api-gateway-service","timestamp":"2025-01-09T19:57:35.139Z"}
{"level":"info","message":"Identity service is running on port http://localhost:3001","service":"api-gateway-service","timestamp":"2025-01-09T19:57:35.143Z"}
{"level":"info","message":"Redis is running on port redis://localhost:6379","service":"api-gateway-service","timestamp":"2025-01-09T19:57:35.143Z"}
{"level":"info","message":"API Gateway is running on port 3000","service":"api-gateway-service","timestamp":"2025-01-09T19:57:41.538Z"}
{"level":"info","message":"Identity service is running on port http://localhost:3001","service":"api-gateway-service","timestamp":"2025-01-09T19:57:41.542Z"}
{"level":"info","message":"Redis is running on port redis://localhost:6379","service":"api-gateway-service","timestamp":"2025-01-09T19:57:41.542Z"}
{"level":"info","message":"API Gateway is running on port 3000","service":"api-gateway-service","timestamp":"2025-01-09T19:57:42.391Z"}
{"level":"info","message":"Identity service is running on port http://localhost:3001","service":"api-gateway-service","timestamp":"2025-01-09T19:57:42.394Z"}
{"level":"info","message":"Redis is running on port redis://localhost:6379","service":"api-gateway-service","timestamp":"2025-01-09T19:57:42.395Z"}
{"level":"info","message":"API Gateway is running on port 3000","service":"api-gateway-service","timestamp":"2025-01-09T19:57:52.420Z"}
{"level":"info","message":"Identity service is running on port http://localhost:3001","service":"api-gateway-service","timestamp":"2025-01-09T19:57:52.432Z"}
{"level":"info","message":"Redis is running on port redis://localhost:6379","service":"api-gateway-service","timestamp":"2025-01-09T19:57:52.433Z"}
{"level":"info","message":"API Gateway is running on port 3000","service":"api-gateway-service","timestamp":"2025-01-09T19:57:53.999Z"}
{"level":"info","message":"Identity service is running on port http://localhost:3001","service":"api-gateway-service","timestamp":"2025-01-09T19:57:54.003Z"}
{"level":"info","message":"Redis is running on port redis://localhost:6379","service":"api-gateway-service","timestamp":"2025-01-09T19:57:54.004Z"}
{"level":"info","message":"API Gateway is running on port 3000","service":"api-gateway-service","timestamp":"2025-01-09T19:58:00.744Z"}
{"level":"info","message":"Identity service is running on port http://localhost:3001","service":"api-gateway-service","timestamp":"2025-01-09T19:58:00.747Z"}
{"level":"info","message":"Redis is running on port redis://localhost:6379","service":"api-gateway-service","timestamp":"2025-01-09T19:58:00.748Z"}
{"level":"info","message":"API Gateway is running on port 3000","service":"api-gateway-service","timestamp":"2025-01-09T19:58:27.421Z"}
{"level":"info","message":"Identity service is running on port http://localhost:3001","service":"api-gateway-service","timestamp":"2025-01-09T19:58:27.424Z"}
{"level":"info","message":"Redis is running on port redis://localhost:6379","service":"api-gateway-service","timestamp":"2025-01-09T19:58:27.425Z"}
{"level":"info","message":"API Gateway is running on port 3000","service":"api-gateway-service","timestamp":"2025-01-09T19:58:45.094Z"}
{"level":"info","message":"Identity service is running on port http://localhost:3001","service":"api-gateway-service","timestamp":"2025-01-09T19:58:45.109Z"}
{"level":"info","message":"Redis is running on port redis://localhost:6379","service":"api-gateway-service","timestamp":"2025-01-09T19:58:45.110Z"}
{"level":"info","message":"API Gateway is running on port 3000","service":"api-gateway-service","timestamp":"2025-01-09T19:58:48.489Z"}
{"level":"info","message":"Identity service is running on port http://localhost:3001","service":"api-gateway-service","timestamp":"2025-01-09T19:58:48.503Z"}
{"level":"info","message":"Redis is running on port redis://localhost:6379","service":"api-gateway-service","timestamp":"2025-01-09T19:58:48.505Z"}
{"level":"info","message":"API Gateway is running on port 3000","service":"api-gateway-service","timestamp":"2025-01-09T19:59:33.300Z"}
{"level":"info","message":"Identity service is running on port http://localhost:3001","service":"api-gateway-service","timestamp":"2025-01-09T19:59:33.305Z"}
{"level":"info","message":"Redis is running on port redis://localhost:6379","service":"api-gateway-service","timestamp":"2025-01-09T19:59:33.306Z"}
{"level":"info","message":"API Gateway is running on port 3000","service":"api-gateway-service","timestamp":"2025-01-09T19:59:36.928Z"}
{"level":"info","message":"Identity service is running on port http://localhost:3001","service":"api-gateway-service","timestamp":"2025-01-09T19:59:36.932Z"}
{"level":"info","message":"Redis is running on port redis://localhost:6379","service":"api-gateway-service","timestamp":"2025-01-09T19:59:36.932Z"}
{"level":"info","message":"API Gateway is running on port 3000","service":"api-gateway-service","timestamp":"2025-01-09T20:00:59.619Z"}
{"level":"info","message":"Identity service is running on port http://localhost:3001","service":"api-gateway-service","timestamp":"2025-01-09T20:00:59.624Z"}
{"level":"info","message":"Redis is running on port redis://localhost:6379","service":"api-gateway-service","timestamp":"2025-01-09T20:00:59.625Z"}
{"level":"info","message":"API Gateway is running on port 3000","service":"api-gateway-service","timestamp":"2025-01-09T20:01:03.461Z"}
{"level":"info","message":"Identity service is running on port http://localhost:3001","service":"api-gateway-service","timestamp":"2025-01-09T20:01:03.466Z"}
{"level":"info","message":"Redis is running on port redis://localhost:6379","service":"api-gateway-service","timestamp":"2025-01-09T20:01:03.468Z"}
{"level":"info","message":"API Gateway is running on port 3000","service":"api-gateway-service","timestamp":"2025-01-09T20:01:06.283Z"}
{"level":"info","message":"Identity service is running on port http://localhost:3001","service":"api-gateway-service","timestamp":"2025-01-09T20:01:06.288Z"}
{"level":"info","message":"Redis is running on port redis://localhost:6379","service":"api-gateway-service","timestamp":"2025-01-09T20:01:06.289Z"}
{"level":"info","message":"API Gateway is running on port 3000","service":"api-gateway-service","timestamp":"2025-01-09T20:01:08.775Z"}
{"level":"info","message":"Identity service is running on port http://localhost:3001","service":"api-gateway-service","timestamp":"2025-01-09T20:01:08.789Z"}
{"level":"info","message":"Redis is running on port redis://localhost:6379","service":"api-gateway-service","timestamp":"2025-01-09T20:01:08.790Z"}
{"level":"info","message":"API Gateway is running on port 3000","service":"api-gateway-service","timestamp":"2025-01-09T20:01:10.782Z"}
{"level":"info","message":"Identity service is running on port http://localhost:3001","service":"api-gateway-service","timestamp":"2025-01-09T20:01:10.785Z"}
{"level":"info","message":"Redis is running on port redis://localhost:6379","service":"api-gateway-service","timestamp":"2025-01-09T20:01:10.786Z"}
{"level":"info","message":"API Gateway is running on port 3000","service":"api-gateway-service","timestamp":"2025-01-09T20:01:13.133Z"}
{"level":"info","message":"Identity service is running on port http://localhost:3001","service":"api-gateway-service","timestamp":"2025-01-09T20:01:13.136Z"}
{"level":"info","message":"Redis is running on port redis://localhost:6379","service":"api-gateway-service","timestamp":"2025-01-09T20:01:13.137Z"}
{"level":"info","message":"API Gateway is running on port 3000","service":"api-gateway-service","timestamp":"2025-01-09T20:01:15.412Z"}
{"level":"info","message":"Identity service is running on port http://localhost:3001","service":"api-gateway-service","timestamp":"2025-01-09T20:01:15.422Z"}
{"level":"info","message":"Redis is running on port redis://localhost:6379","service":"api-gateway-service","timestamp":"2025-01-09T20:01:15.424Z"}
{"level":"info","message":"API Gateway is running on port 3000","service":"api-gateway-service","timestamp":"2025-01-09T20:01:16.742Z"}
{"level":"info","message":"Identity service is running on port http://localhost:3001","service":"api-gateway-service","timestamp":"2025-01-09T20:01:16.745Z"}
{"level":"info","message":"Redis is running on port redis://localhost:6379","service":"api-gateway-service","timestamp":"2025-01-09T20:01:16.746Z"}
{"level":"info","message":"API Gateway is running on port 3000","service":"api-gateway-service","timestamp":"2025-01-09T20:01:18.272Z"}
{"level":"info","message":"Identity service is running on port http://localhost:3001","service":"api-gateway-service","timestamp":"2025-01-09T20:01:18.277Z"}
{"level":"info","message":"Redis is running on port redis://localhost:6379","service":"api-gateway-service","timestamp":"2025-01-09T20:01:18.278Z"}
{"level":"info","message":"API Gateway is running on port 3000","service":"api-gateway-service","timestamp":"2025-01-09T20:04:41.046Z"}
{"level":"info","message":"Identity service is running on port http://localhost:3001","service":"api-gateway-service","timestamp":"2025-01-09T20:04:41.050Z"}
{"level":"info","message":"Post service is running on port http://localhost:3002","service":"api-gateway-service","timestamp":"2025-01-09T20:04:41.050Z"}
{"level":"info","message":"Redis is running on port redis://localhost:6379","service":"api-gateway-service","timestamp":"2025-01-09T20:04:41.051Z"}
{"level":"info","message":"API Gateway is running on port 3000","service":"api-gateway-service","timestamp":"2025-01-09T20:04:41.590Z"}
{"level":"info","message":"Identity service is running on port http://localhost:3001","service":"api-gateway-service","timestamp":"2025-01-09T20:04:41.593Z"}
{"level":"info","message":"Post service is running on port http://localhost:3002","service":"api-gateway-service","timestamp":"2025-01-09T20:04:41.594Z"}
{"level":"info","message":"Redis is running on port redis://localhost:6379","service":"api-gateway-service","timestamp":"2025-01-09T20:04:41.594Z"}
{"level":"warn","message":"Access attempted without valid token","service":"api-gateway-service","timestamp":"2025-01-09T20:08:56.611Z"}
{"level":"error","message":"Invalid token!: jwt expired","service":"api-gateway-service","timestamp":"2025-01-09T20:11:12.174Z"}
{"level":"error","message":"ReferenceError: user is not defined\n    at validateToken (/root/code/Harrytimbog/microservices/social-media-microservices/api-gateway/src/middleware/authMiddleware.js:26:14)\n    at Layer.handle [as handle_request] (/root/code/Harrytimbog/microservices/social-media-microservices/api-gateway/node_modules/express/lib/router/layer.js:95:5)\n    at trim_prefix (/root/code/Harrytimbog/microservices/social-media-microservices/api-gateway/node_modules/express/lib/router/index.js:328:13)\n    at /root/code/Harrytimbog/microservices/social-media-microservices/api-gateway/node_modules/express/lib/router/index.js:286:9\n    at Function.process_params (/root/code/Harrytimbog/microservices/social-media-microservices/api-gateway/node_modules/express/lib/router/index.js:346:12)\n    at next (/root/code/Harrytimbog/microservices/social-media-microservices/api-gateway/node_modules/express/lib/router/index.js:280:10)\n    at /root/code/Harrytimbog/microservices/social-media-microservices/api-gateway/node_modules/express-rate-limit/dist/index.cjs:822:7\n    at process.processTicksAndRejections (node:internal/process/task_queues:95:5)\n    at async /root/code/Harrytimbog/microservices/social-media-microservices/api-gateway/node_modules/express-rate-limit/dist/index.cjs:704:5","service":"api-gateway-service","timestamp":"2025-01-09T20:11:12.190Z"}
{"level":"info","message":"Response received from Identity service: 200","service":"api-gateway-service","timestamp":"2025-01-09T20:11:44.618Z"}
{"level":"info","message":"Response received from Identity service: 200","service":"api-gateway-service","timestamp":"2025-01-09T20:11:47.885Z"}
{"level":"error","message":"ReferenceError: user is not defined\n    at validateToken (/root/code/Harrytimbog/microservices/social-media-microservices/api-gateway/src/middleware/authMiddleware.js:26:14)\n    at Layer.handle [as handle_request] (/root/code/Harrytimbog/microservices/social-media-microservices/api-gateway/node_modules/express/lib/router/layer.js:95:5)\n    at trim_prefix (/root/code/Harrytimbog/microservices/social-media-microservices/api-gateway/node_modules/express/lib/router/index.js:328:13)\n    at /root/code/Harrytimbog/microservices/social-media-microservices/api-gateway/node_modules/express/lib/router/index.js:286:9\n    at Function.process_params (/root/code/Harrytimbog/microservices/social-media-microservices/api-gateway/node_modules/express/lib/router/index.js:346:12)\n    at next (/root/code/Harrytimbog/microservices/social-media-microservices/api-gateway/node_modules/express/lib/router/index.js:280:10)\n    at /root/code/Harrytimbog/microservices/social-media-microservices/api-gateway/node_modules/express-rate-limit/dist/index.cjs:822:7\n    at process.processTicksAndRejections (node:internal/process/task_queues:95:5)\n    at async /root/code/Harrytimbog/microservices/social-media-microservices/api-gateway/node_modules/express-rate-limit/dist/index.cjs:704:5","service":"api-gateway-service","timestamp":"2025-01-09T20:12:30.041Z"}
{"level":"info","message":"API Gateway is running on port 3000","service":"api-gateway-service","timestamp":"2025-01-09T21:28:38.104Z"}
{"level":"info","message":"Identity service is running on port http://localhost:3001","service":"api-gateway-service","timestamp":"2025-01-09T21:28:38.109Z"}
{"level":"info","message":"Post service is running on port http://localhost:3002","service":"api-gateway-service","timestamp":"2025-01-09T21:28:38.110Z"}
{"level":"info","message":"Redis is running on port redis://localhost:6379","service":"api-gateway-service","timestamp":"2025-01-09T21:28:38.111Z"}
{"level":"error","message":"Invalid token!: jwt expired","service":"api-gateway-service","timestamp":"2025-01-09T21:37:10.509Z"}
{"level":"error","message":"ReferenceError: user is not defined\n    at validateToken (/root/code/Harrytimbog/microservices/social-media-microservices/api-gateway/src/middleware/authMiddleware.js:26:14)\n    at Layer.handle [as handle_request] (/root/code/Harrytimbog/microservices/social-media-microservices/api-gateway/node_modules/express/lib/router/layer.js:95:5)\n    at trim_prefix (/root/code/Harrytimbog/microservices/social-media-microservices/api-gateway/node_modules/express/lib/router/index.js:328:13)\n    at /root/code/Harrytimbog/microservices/social-media-microservices/api-gateway/node_modules/express/lib/router/index.js:286:9\n    at Function.process_params (/root/code/Harrytimbog/microservices/social-media-microservices/api-gateway/node_modules/express/lib/router/index.js:346:12)\n    at next (/root/code/Harrytimbog/microservices/social-media-microservices/api-gateway/node_modules/express/lib/router/index.js:280:10)\n    at /root/code/Harrytimbog/microservices/social-media-microservices/api-gateway/node_modules/express-rate-limit/dist/index.cjs:822:7\n    at process.processTicksAndRejections (node:internal/process/task_queues:95:5)\n    at async /root/code/Harrytimbog/microservices/social-media-microservices/api-gateway/node_modules/express-rate-limit/dist/index.cjs:704:5","service":"api-gateway-service","timestamp":"2025-01-09T21:37:10.523Z"}
{"level":"info","message":"Response received from Identity service: 200","service":"api-gateway-service","timestamp":"2025-01-09T21:37:20.506Z"}
{"level":"error","message":"ReferenceError: user is not defined\n    at validateToken (/root/code/Harrytimbog/microservices/social-media-microservices/api-gateway/src/middleware/authMiddleware.js:26:14)\n    at Layer.handle [as handle_request] (/root/code/Harrytimbog/microservices/social-media-microservices/api-gateway/node_modules/express/lib/router/layer.js:95:5)\n    at trim_prefix (/root/code/Harrytimbog/microservices/social-media-microservices/api-gateway/node_modules/express/lib/router/index.js:328:13)\n    at /root/code/Harrytimbog/microservices/social-media-microservices/api-gateway/node_modules/express/lib/router/index.js:286:9\n    at Function.process_params (/root/code/Harrytimbog/microservices/social-media-microservices/api-gateway/node_modules/express/lib/router/index.js:346:12)\n    at next (/root/code/Harrytimbog/microservices/social-media-microservices/api-gateway/node_modules/express/lib/router/index.js:280:10)\n    at /root/code/Harrytimbog/microservices/social-media-microservices/api-gateway/node_modules/express-rate-limit/dist/index.cjs:822:7\n    at process.processTicksAndRejections (node:internal/process/task_queues:95:5)\n    at async /root/code/Harrytimbog/microservices/social-media-microservices/api-gateway/node_modules/express-rate-limit/dist/index.cjs:704:5","service":"api-gateway-service","timestamp":"2025-01-09T21:37:57.328Z"}
{"level":"info","message":"API Gateway is running on port 3000","service":"api-gateway-service","timestamp":"2025-01-09T21:40:04.945Z"}
{"level":"info","message":"Identity service is running on port http://localhost:3001","service":"api-gateway-service","timestamp":"2025-01-09T21:40:04.950Z"}
{"level":"info","message":"Post service is running on port http://localhost:3002","service":"api-gateway-service","timestamp":"2025-01-09T21:40:04.951Z"}
{"level":"info","message":"Redis is running on port redis://localhost:6379","service":"api-gateway-service","timestamp":"2025-01-09T21:40:04.952Z"}
{"level":"info","message":"API Gateway is running on port 3000","service":"api-gateway-service","timestamp":"2025-01-09T21:40:07.258Z"}
{"level":"info","message":"Identity service is running on port http://localhost:3001","service":"api-gateway-service","timestamp":"2025-01-09T21:40:07.266Z"}
{"level":"info","message":"Post service is running on port http://localhost:3002","service":"api-gateway-service","timestamp":"2025-01-09T21:40:07.267Z"}
{"level":"info","message":"Redis is running on port redis://localhost:6379","service":"api-gateway-service","timestamp":"2025-01-09T21:40:07.267Z"}
{"level":"error","message":"Proxy error: Invalid value \"undefined\" for header \"x-user-id\"","service":"api-gateway-service","timestamp":"2025-01-09T21:40:23.519Z"}
{"level":"error","message":"TypeError [ERR_HTTP_INVALID_HEADER_VALUE]: Invalid value \"undefined\" for header \"x-user-id\"\n    at ClientRequest.setHeader (node:_http_outgoing:662:3)\n    at new ClientRequest (node:_http_client:300:14)\n    at Object.request (node:http:103:10)\n    at /root/code/Harrytimbog/microservices/social-media-microservices/api-gateway/node_modules/express-http-proxy/app/steps/sendProxyRequest.js:13:51\n    at new Promise (<anonymous>)\n    at sendProxyRequest (/root/code/Harrytimbog/microservices/social-media-microservices/api-gateway/node_modules/express-http-proxy/app/steps/sendProxyRequest.js:11:10)\n    at process.processTicksAndRejections (node:internal/process/task_queues:95:5)","service":"api-gateway-service","timestamp":"2025-01-09T21:40:23.538Z"}
{"level":"info","message":"API Gateway is running on port 3000","service":"api-gateway-service","timestamp":"2025-01-09T21:41:46.335Z"}
{"level":"info","message":"Identity service is running on port http://localhost:3001","service":"api-gateway-service","timestamp":"2025-01-09T21:41:46.349Z"}
{"level":"info","message":"Post service is running on port http://localhost:3002","service":"api-gateway-service","timestamp":"2025-01-09T21:41:46.350Z"}
{"level":"info","message":"Redis is running on port redis://localhost:6379","service":"api-gateway-service","timestamp":"2025-01-09T21:41:46.351Z"}
{"level":"info","message":"API Gateway is running on port 3000","service":"api-gateway-service","timestamp":"2025-01-09T21:42:29.579Z"}
{"level":"info","message":"Identity service is running on port http://localhost:3001","service":"api-gateway-service","timestamp":"2025-01-09T21:42:29.590Z"}
{"level":"info","message":"Post service is running on port http://localhost:3002","service":"api-gateway-service","timestamp":"2025-01-09T21:42:29.591Z"}
{"level":"info","message":"Redis is running on port redis://localhost:6379","service":"api-gateway-service","timestamp":"2025-01-09T21:42:29.592Z"}
{"level":"info","message":"API Gateway is running on port 3000","service":"api-gateway-service","timestamp":"2025-01-09T21:42:31.310Z"}
{"level":"info","message":"Identity service is running on port http://localhost:3001","service":"api-gateway-service","timestamp":"2025-01-09T21:42:31.315Z"}
{"level":"info","message":"Post service is running on port http://localhost:3002","service":"api-gateway-service","timestamp":"2025-01-09T21:42:31.317Z"}
{"level":"info","message":"Redis is running on port redis://localhost:6379","service":"api-gateway-service","timestamp":"2025-01-09T21:42:31.317Z"}
{"level":"info","message":"API Gateway is running on port 3000","service":"api-gateway-service","timestamp":"2025-01-09T21:46:49.673Z"}
{"level":"info","message":"Identity service is running on port http://localhost:3001","service":"api-gateway-service","timestamp":"2025-01-09T21:46:49.678Z"}
{"level":"info","message":"Post service is running on port http://localhost:3002","service":"api-gateway-service","timestamp":"2025-01-09T21:46:49.679Z"}
{"level":"info","message":"Redis is running on port redis://localhost:6379","service":"api-gateway-service","timestamp":"2025-01-09T21:46:49.680Z"}
{"level":"info","message":"API Gateway is running on port 3000","service":"api-gateway-service","timestamp":"2025-01-09T21:46:53.691Z"}
{"level":"info","message":"Identity service is running on port http://localhost:3001","service":"api-gateway-service","timestamp":"2025-01-09T21:46:53.699Z"}
{"level":"info","message":"Post service is running on port http://localhost:3002","service":"api-gateway-service","timestamp":"2025-01-09T21:46:53.700Z"}
{"level":"info","message":"Redis is running on port redis://localhost:6379","service":"api-gateway-service","timestamp":"2025-01-09T21:46:53.700Z"}
{"level":"info","message":"Response received from Post service: 500","service":"api-gateway-service","timestamp":"2025-01-09T21:47:15.633Z"}
{"level":"info","message":"Response received from Post service: 201","service":"api-gateway-service","timestamp":"2025-01-09T21:48:02.641Z"}
{"level":"info","message":"API Gateway is running on port 3000","service":"api-gateway-service","timestamp":"2025-01-09T21:48:32.715Z"}
{"level":"info","message":"Identity service is running on port http://localhost:3001","service":"api-gateway-service","timestamp":"2025-01-09T21:48:32.721Z"}
{"level":"info","message":"Post service is running on port http://localhost:3002","service":"api-gateway-service","timestamp":"2025-01-09T21:48:32.723Z"}
{"level":"info","message":"Redis is running on port redis://localhost:6379","service":"api-gateway-service","timestamp":"2025-01-09T21:48:32.724Z"}
{"level":"info","message":"API Gateway is running on port 3000","service":"api-gateway-service","timestamp":"2025-01-09T21:48:33.267Z"}
{"level":"info","message":"Identity service is running on port http://localhost:3001","service":"api-gateway-service","timestamp":"2025-01-09T21:48:33.272Z"}
{"level":"info","message":"Post service is running on port http://localhost:3002","service":"api-gateway-service","timestamp":"2025-01-09T21:48:33.273Z"}
{"level":"info","message":"Redis is running on port redis://localhost:6379","service":"api-gateway-service","timestamp":"2025-01-09T21:48:33.274Z"}
{"level":"info","message":"API Gateway is running on port 3000","service":"api-gateway-service","timestamp":"2025-01-09T21:50:47.739Z"}
{"level":"info","message":"Identity service is running on port http://localhost:3001","service":"api-gateway-service","timestamp":"2025-01-09T21:50:47.758Z"}
{"level":"info","message":"Post service is running on port http://localhost:3002","service":"api-gateway-service","timestamp":"2025-01-09T21:50:47.759Z"}
{"level":"info","message":"Redis is running on port redis://localhost:6379","service":"api-gateway-service","timestamp":"2025-01-09T21:50:47.760Z"}
{"level":"error","message":"Invalid token!: jwt expired","service":"api-gateway-service","timestamp":"2025-01-09T21:54:29.966Z"}
{"level":"info","message":"Response received from Identity service: 200","service":"api-gateway-service","timestamp":"2025-01-09T21:54:52.672Z"}
{"level":"info","message":"Response received from Post service: 400","service":"api-gateway-service","timestamp":"2025-01-09T21:55:17.369Z"}
{"level":"info","message":"Response received from Post service: 400","service":"api-gateway-service","timestamp":"2025-01-09T21:55:35.946Z"}
{"level":"info","message":"Response received from Post service: 201","service":"api-gateway-service","timestamp":"2025-01-09T21:55:52.707Z"}
{"level":"info","message":"Response received from Post service: 400","service":"api-gateway-service","timestamp":"2025-01-09T21:57:53.747Z"}
{"level":"warn","message":"Access attempted without valid token","service":"api-gateway-service","timestamp":"2025-01-09T21:58:26.644Z"}
{"level":"error","message":"Invalid token!: invalid signature","service":"api-gateway-service","timestamp":"2025-01-09T21:58:36.375Z"}
