{"level":"info","message":"Identity Server started on port 3001","service":"identity-service","timestamp":"2025-01-09T12:56:18.251Z"}
{"level":"info","message":"Connected to database","service":"identity-service","timestamp":"2025-01-09T12:56:20.256Z"}
{"level":"info","message":"Identity Server started on port 3001","service":"identity-service","timestamp":"2025-01-09T12:56:24.352Z"}
{"level":"info","message":"Connected to database","service":"identity-service","timestamp":"2025-01-09T12:56:25.754Z"}
{"level":"info","message":"Identity Server started on port 3001","service":"identity-service","timestamp":"2025-01-09T12:56:31.659Z"}
{"level":"info","message":"Connected to database","service":"identity-service","timestamp":"2025-01-09T12:56:33.007Z"}
{"level":"info","message":"Identity Serv started on port 3001","service":"identity-service","timestamp":"2025-01-09T12:57:03.432Z"}
{"level":"info","message":"Identity Service started on port 3001","service":"identity-service","timestamp":"2025-01-09T12:57:05.646Z"}
{"level":"info","message":"Identity Service started on port 3001","service":"identity-service","timestamp":"2025-01-09T12:57:09.427Z"}
{"level":"info","message":"Connected to database","service":"identity-service","timestamp":"2025-01-09T12:57:10.905Z"}
{"level":"info","message":"Identity Service started on port 3001","service":"identity-service","timestamp":"2025-01-09T13:04:02.357Z"}
{"level":"info","message":"Connected to database","service":"identity-service","timestamp":"2025-01-09T13:04:03.939Z"}
{"level":"info","message":"Identity Service started on port 3001","service":"identity-service","timestamp":"2025-01-09T13:04:09.607Z"}
{"level":"info","message":"Connected to database","service":"identity-service","timestamp":"2025-01-09T13:04:11.038Z"}
{"level":"info","message":"Identity Service started on port 3001","service":"identity-service","timestamp":"2025-01-09T13:04:26.157Z"}
{"level":"info","message":"Connected to database","service":"identity-service","timestamp":"2025-01-09T13:04:27.506Z"}
{"level":"info","message":"Identity Service started on port 3001","service":"identity-service","timestamp":"2025-01-09T13:04:34.514Z"}
{"level":"info","message":"Connected to database","service":"identity-service","timestamp":"2025-01-09T13:04:36.007Z"}
{"level":"info","message":"Identity Service started on port 3001","service":"identity-service","timestamp":"2025-01-09T13:06:28.175Z"}
{"level":"info","message":"Connected to database","service":"identity-service","timestamp":"2025-01-09T13:06:29.796Z"}
{"level":"info","message":"Identity Service started on port 3001","service":"identity-service","timestamp":"2025-01-09T13:07:33.531Z"}
{"level":"info","message":"Connected to database","service":"identity-service","timestamp":"2025-01-09T13:07:35.298Z"}
{"level":"info","message":"Identity Service started on port 3001","service":"identity-service","timestamp":"2025-01-09T13:07:37.039Z"}
{"level":"info","message":"Identity Service started on port 3001","service":"identity-service","timestamp":"2025-01-09T13:07:40.082Z"}
{"level":"info","message":"Connected to database","service":"identity-service","timestamp":"2025-01-09T13:07:41.425Z"}
{"level":"info","message":"Identity Service started on port 3001","service":"identity-service","timestamp":"2025-01-09T13:07:43.848Z"}
{"level":"info","message":"Connected to database","service":"identity-service","timestamp":"2025-01-09T13:07:45.348Z"}
{"level":"info","message":"Received POST request to /api/auth/register","service":"identity-service","timestamp":"2025-01-09T13:07:55.285Z"}
{"level":"info","message":"Request body: {\"username\":\"Harrytimbog\",\"email\":\"harrie@gmail.com\",\"password\":\"123456\",\"firstName\":\"Timilehin\",\"lastName\":\"Harrytimbog\"}","service":"identity-service","timestamp":"2025-01-09T13:07:55.286Z"}
{"level":"info","message":"Registering endpoint hit...","service":"identity-service","timestamp":"2025-01-09T13:07:55.587Z"}
{"buffer":{"data":[103,127,202,43,192,59,157,32,196,223,211,145],"type":"Buffer"},"level":"warn","message":"User saved successfully","service":"identity-service","timestamp":"2025-01-09T13:07:56.166Z"}
{"level":"error","message":"Error registering user:  RefreshToken.create is not a function","service":"identity-service","stack":"TypeError: RefreshToken.create is not a function\n    at generateToken (/root/code/Harrytimbog/microservices/social-media-microservices/identity-service/src/utils/generateToken.js:16:22)\n    at process.processTicksAndRejections (node:internal/process/task_queues:95:5)\n    at async registerUser (/root/code/Harrytimbog/microservices/social-media-microservices/identity-service/src/controllers/identityController.js:32:43)","timestamp":"2025-01-09T13:07:56.184Z"}
{"level":"info","message":"Received POST request to /api/auth/register","service":"identity-service","timestamp":"2025-01-09T13:08:24.658Z"}
{"level":"info","message":"Request body: {\"username\":\"Harrytimbog\",\"email\":\"harrie@gmail.com\",\"password\":\"123456\",\"firstname\":\"Timilehin\",\"lastname\":\"Harrytimbog\"}","service":"identity-service","timestamp":"2025-01-09T13:08:24.659Z"}
{"level":"info","message":"Registering endpoint hit...","service":"identity-service","timestamp":"2025-01-09T13:08:24.663Z"}
{"0":"\"","1":"f","10":"\"","11":" ","12":"i","13":"s","14":" ","15":"r","16":"e","17":"q","18":"u","19":"i","2":"i","20":"r","21":"e","22":"d","3":"r","4":"s","5":"t","6":"N","7":"a","8":"m","9":"e","level":"warn","message":"Validation error: ","service":"identity-service","timestamp":"2025-01-09T13:08:24.669Z"}
{"level":"info","message":"Identity Service started on port 3001","service":"identity-service","timestamp":"2025-01-09T13:10:52.202Z"}
{"level":"info","message":"Connected to database","service":"identity-service","timestamp":"2025-01-09T13:10:53.974Z"}
{"level":"info","message":"Received POST request to /api/auth/register","service":"identity-service","timestamp":"2025-01-09T13:11:49.916Z"}
{"level":"info","message":"Request body: {\"username\":\"Harrytimbog\",\"email\":\"harrie@gmail.com\",\"password\":\"123456\",\"firstname\":\"Timilehin\",\"lastname\":\"Harrytimbog\"}","service":"identity-service","timestamp":"2025-01-09T13:11:49.924Z"}
{"level":"info","message":"Registering endpoint hit...","service":"identity-service","timestamp":"2025-01-09T13:11:49.936Z"}
{"0":"\"","1":"f","10":"\"","11":" ","12":"i","13":"s","14":" ","15":"r","16":"e","17":"q","18":"u","19":"i","2":"i","20":"r","21":"e","22":"d","3":"r","4":"s","5":"t","6":"N","7":"a","8":"m","9":"e","level":"warn","message":"Validation error: ","service":"identity-service","timestamp":"2025-01-09T13:11:49.967Z"}
{"level":"info","message":"Received POST request to /api/auth/register","service":"identity-service","timestamp":"2025-01-09T13:12:18.383Z"}
{"level":"info","message":"Request body: {\"username\":\"Harrytimbog\",\"email\":\"harrie@gmail.com\",\"password\":\"123456\",\"firstname\":\"Timilehin\",\"lastname\":\"Harrytimbog\"}","service":"identity-service","timestamp":"2025-01-09T13:12:18.384Z"}
{"level":"info","message":"Registering endpoint hit...","service":"identity-service","timestamp":"2025-01-09T13:12:18.388Z"}
{"0":"\"","1":"f","10":"\"","11":" ","12":"i","13":"s","14":" ","15":"r","16":"e","17":"q","18":"u","19":"i","2":"i","20":"r","21":"e","22":"d","3":"r","4":"s","5":"t","6":"N","7":"a","8":"m","9":"e","level":"warn","message":"Validation error: ","service":"identity-service","timestamp":"2025-01-09T13:12:18.392Z"}
{"level":"info","message":"Identity Service started on port 3001","service":"identity-service","timestamp":"2025-01-09T13:12:47.126Z"}
{"level":"info","message":"Connected to database","service":"identity-service","timestamp":"2025-01-09T13:12:48.627Z"}
{"level":"info","message":"Received POST request to /api/auth/register","service":"identity-service","timestamp":"2025-01-09T13:12:53.494Z"}
{"level":"info","message":"Request body: {\"username\":\"Harrytimbog\",\"email\":\"harrie@gmail.com\",\"password\":\"123456\",\"firstname\":\"Timilehin\",\"lastname\":\"Harrytimbog\"}","service":"identity-service","timestamp":"2025-01-09T13:12:53.495Z"}
{"level":"info","message":"Registering endpoint hit...","service":"identity-service","timestamp":"2025-01-09T13:12:53.513Z"}
{"0":"\"","1":"f","10":"\"","11":" ","12":"i","13":"s","14":" ","15":"r","16":"e","17":"q","18":"u","19":"i","2":"i","20":"r","21":"e","22":"d","3":"r","4":"s","5":"t","6":"N","7":"a","8":"m","9":"e","level":"warn","message":"Validation error: ","service":"identity-service","timestamp":"2025-01-09T13:12:53.534Z"}
{"level":"info","message":"Identity Service started on port 3001","service":"identity-service","timestamp":"2025-01-09T13:13:32.659Z"}
{"level":"info","message":"Identity Service started on port 3001","service":"identity-service","timestamp":"2025-01-09T13:13:33.880Z"}
{"level":"info","message":"Connected to database","service":"identity-service","timestamp":"2025-01-09T13:13:35.295Z"}
{"level":"info","message":"Identity Service started on port 3001","service":"identity-service","timestamp":"2025-01-09T13:13:37.523Z"}
{"level":"info","message":"Connected to database","service":"identity-service","timestamp":"2025-01-09T13:13:38.887Z"}
{"level":"info","message":"Identity Service started on port 3001","service":"identity-service","timestamp":"2025-01-09T13:13:40.393Z"}
{"level":"info","message":"Identity Service started on port 3001","service":"identity-service","timestamp":"2025-01-09T13:13:41.812Z"}
{"level":"info","message":"Connected to database","service":"identity-service","timestamp":"2025-01-09T13:13:43.236Z"}
{"level":"info","message":"Identity Service started on port 3001","service":"identity-service","timestamp":"2025-01-09T13:13:44.966Z"}
{"level":"info","message":"Identity Service started on port 3001","service":"identity-service","timestamp":"2025-01-09T13:13:48.933Z"}
{"level":"info","message":"Connected to database","service":"identity-service","timestamp":"2025-01-09T13:13:50.631Z"}
{"level":"info","message":"Received POST request to /api/auth/register","service":"identity-service","timestamp":"2025-01-09T13:15:17.334Z"}
{"level":"info","message":"Request body: {\"username\":\"Harrytimbog\",\"email\":\"harrie@gmail.com\",\"password\":\"123456\"}","service":"identity-service","timestamp":"2025-01-09T13:15:17.335Z"}
{"level":"info","message":"Registering endpoint hit...","service":"identity-service","timestamp":"2025-01-09T13:15:17.354Z"}
{"0":"\"","1":"f","10":"\"","11":" ","12":"i","13":"s","14":" ","15":"r","16":"e","17":"q","18":"u","19":"i","2":"i","20":"r","21":"e","22":"d","3":"r","4":"s","5":"t","6":"N","7":"a","8":"m","9":"e","level":"warn","message":"Validation error: ","service":"identity-service","timestamp":"2025-01-09T13:15:17.386Z"}
{"level":"info","message":"Identity Service started on port 3001","service":"identity-service","timestamp":"2025-01-09T13:15:42.611Z"}
{"level":"info","message":"Identity Service started on port 3001","service":"identity-service","timestamp":"2025-01-09T13:15:45.368Z"}
{"level":"info","message":"Connected to database","service":"identity-service","timestamp":"2025-01-09T13:15:46.747Z"}
{"level":"info","message":"Identity Service started on port 3001","service":"identity-service","timestamp":"2025-01-09T13:15:50.145Z"}
{"level":"info","message":"Connected to database","service":"identity-service","timestamp":"2025-01-09T13:15:51.508Z"}
{"level":"info","message":"Identity Service started on port 3001","service":"identity-service","timestamp":"2025-01-09T13:15:58.086Z"}
{"level":"info","message":"Connected to database","service":"identity-service","timestamp":"2025-01-09T13:15:59.748Z"}
{"level":"info","message":"Identity Service started on port 3001","service":"identity-service","timestamp":"2025-01-09T13:16:04.827Z"}
{"level":"info","message":"Connected to database","service":"identity-service","timestamp":"2025-01-09T13:16:06.667Z"}
{"level":"info","message":"Received POST request to /api/auth/register","service":"identity-service","timestamp":"2025-01-09T13:16:12.923Z"}
{"level":"info","message":"Request body: {\"username\":\"Harrytimbog\",\"email\":\"harrie@gmail.com\",\"password\":\"123456\"}","service":"identity-service","timestamp":"2025-01-09T13:16:12.924Z"}
{"level":"info","message":"Registering endpoint hit...","service":"identity-service","timestamp":"2025-01-09T13:16:12.945Z"}
{"buffer":{"data":[103,127,204,29,96,151,157,33,83,237,4,84],"type":"Buffer"},"level":"warn","message":"User saved successfully","service":"identity-service","timestamp":"2025-01-09T13:16:13.721Z"}
{"level":"error","message":"Error registering user:  RefreshToken.create is not a function","service":"identity-service","stack":"TypeError: RefreshToken.create is not a function\n    at generateToken (/root/code/Harrytimbog/microservices/social-media-microservices/identity-service/src/utils/generateToken.js:16:22)\n    at process.processTicksAndRejections (node:internal/process/task_queues:95:5)\n    at async registerUser (/root/code/Harrytimbog/microservices/social-media-microservices/identity-service/src/controllers/identityController.js:32:43)","timestamp":"2025-01-09T13:16:13.749Z"}
{"level":"info","message":"Identity Service started on port 3001","service":"identity-service","timestamp":"2025-01-09T13:22:32.715Z"}
{"level":"info","message":"Connected to database","service":"identity-service","timestamp":"2025-01-09T13:22:34.548Z"}
{"level":"info","message":"Identity Service started on port 3001","service":"identity-service","timestamp":"2025-01-09T13:22:36.580Z"}
{"level":"info","message":"Connected to database","service":"identity-service","timestamp":"2025-01-09T13:22:37.998Z"}
{"level":"info","message":"Identity Service started on port 3001","service":"identity-service","timestamp":"2025-01-09T13:22:39.618Z"}
{"level":"info","message":"Identity Service started on port 3001","service":"identity-service","timestamp":"2025-01-09T13:22:40.986Z"}
{"level":"info","message":"Connected to database","service":"identity-service","timestamp":"2025-01-09T13:22:42.422Z"}
{"level":"info","message":"Identity Service started on port 3001","service":"identity-service","timestamp":"2025-01-09T13:22:47.299Z"}
{"level":"info","message":"Connected to database","service":"identity-service","timestamp":"2025-01-09T13:22:48.621Z"}
{"level":"info","message":"Received POST request to /api/auth/register","service":"identity-service","timestamp":"2025-01-09T13:23:19.270Z"}
{"level":"info","message":"Request body: {\"username\":\"Harrytimbog\",\"email\":\"harrie@gmail.com\",\"password\":\"123456\"}","service":"identity-service","timestamp":"2025-01-09T13:23:19.271Z"}
{"level":"info","message":"Registering endpoint hit...","service":"identity-service","timestamp":"2025-01-09T13:23:19.283Z"}
{"level":"warn","message":"User already exists","service":"identity-service","timestamp":"2025-01-09T13:23:19.453Z"}
{"level":"info","message":"Identity Service started on port 3001","service":"identity-service","timestamp":"2025-01-09T13:24:02.731Z"}
{"level":"info","message":"Connected to database","service":"identity-service","timestamp":"2025-01-09T13:24:04.279Z"}
{"level":"info","message":"Received POST request to /api/auth/register","service":"identity-service","timestamp":"2025-01-09T13:24:09.589Z"}
{"level":"info","message":"Request body: {\"username\":\"Harrytimbog\",\"email\":\"harrie@gmail.com\",\"password\":\"123456\"}","service":"identity-service","timestamp":"2025-01-09T13:24:09.590Z"}
{"level":"info","message":"Registering endpoint hit...","service":"identity-service","timestamp":"2025-01-09T13:24:09.637Z"}
{"buffer":{"data":[103,127,205,249,11,176,91,246,189,196,255,99],"type":"Buffer"},"level":"warn","message":"User saved successfully","service":"identity-service","timestamp":"2025-01-09T13:24:10.257Z"}
{"level":"info","message":"Received POST request to /api/auth/register","service":"identity-service","timestamp":"2025-01-09T13:26:43.037Z"}
{"level":"info","message":"Request body: {\"username\":\"Harrytimbog\",\"email\":\"harrie@gmail.com\",\"password\":\"123456\"}","service":"identity-service","timestamp":"2025-01-09T13:26:43.039Z"}
{"level":"info","message":"Registering endpoint hit...","service":"identity-service","timestamp":"2025-01-09T13:26:43.043Z"}
{"level":"warn","message":"User already exists","service":"identity-service","timestamp":"2025-01-09T13:26:43.176Z"}
{"level":"info","message":"Received POST request to /api/auth/register","service":"identity-service","timestamp":"2025-01-09T13:26:57.768Z"}
{"level":"info","message":"Request body: {\"username\":\"Harrytimbog\",\"email\":\"harrie@gmail.com\",\"password\":\"1256\"}","service":"identity-service","timestamp":"2025-01-09T13:26:57.769Z"}
{"level":"info","message":"Registering endpoint hit...","service":"identity-service","timestamp":"2025-01-09T13:26:57.775Z"}
{"0":"\"","1":"p","10":" ","11":"l","12":"e","13":"n","14":"g","15":"t","16":"h","17":" ","18":"m","19":"u","2":"a","20":"s","21":"t","22":" ","23":"b","24":"e","25":" ","26":"a","27":"t","28":" ","29":"l","3":"s","30":"e","31":"a","32":"s","33":"t","34":" ","35":"6","36":" ","37":"c","38":"h","39":"a","4":"s","40":"r","41":"a","42":"c","43":"t","44":"e","45":"r","46":"s","47":" ","48":"l","49":"o","5":"w","50":"n","51":"g","6":"o","7":"r","8":"d","9":"\"","level":"warn","message":"Validation error: ","service":"identity-service","timestamp":"2025-01-09T13:26:57.778Z"}
{"level":"info","message":"Identity Service started on port 3001","service":"identity-service","timestamp":"2025-01-09T15:58:44.435Z"}
{"level":"info","message":"Connected to database","service":"identity-service","timestamp":"2025-01-09T15:58:46.173Z"}
{"level":"info","message":"Identity Service started on port 3001","service":"identity-service","timestamp":"2025-01-09T15:58:53.197Z"}
{"level":"info","message":"Connected to database","service":"identity-service","timestamp":"2025-01-09T15:58:54.576Z"}
{"0":"r","1":"e","2":"a","3":"s","4":"o","5":"n","6":":","level":"error","message":"Unhandled Rejection at:","service":"identity-service","timestamp":"2025-01-09T15:59:03.820Z"}
{"0":"r","1":"e","2":"a","3":"s","4":"o","5":"n","6":":","level":"error","message":"Unhandled Rejection at:","service":"identity-service","timestamp":"2025-01-09T15:59:03.822Z"}
{"level":"info","message":"Identity Service started on port 3001","service":"identity-service","timestamp":"2025-01-09T16:03:34.155Z"}
{"level":"info","message":"Connected to database","service":"identity-service","timestamp":"2025-01-09T16:03:36.013Z"}
{"level":"info","message":"Received POST request to /api/auth/register","service":"identity-service","timestamp":"2025-01-09T16:04:11.414Z"}
{"level":"info","message":"Request body: {\"username\":\"Harrytimbog\",\"email\":\"harrie@gmail.com\",\"password\":\"123456\"}","service":"identity-service","timestamp":"2025-01-09T16:04:11.415Z"}
{"level":"info","message":"Registering endpoint hit...","service":"identity-service","timestamp":"2025-01-09T16:04:11.434Z"}
{"level":"warn","message":"User already exists","service":"identity-service","timestamp":"2025-01-09T16:04:11.632Z"}
{"level":"info","message":"Received POST request to /api/auth/register","service":"identity-service","timestamp":"2025-01-09T16:04:17.116Z"}
{"level":"info","message":"Request body: {\"username\":\"Harrytimbog\",\"email\":\"harrie@gmail.com\",\"password\":\"123456\"}","service":"identity-service","timestamp":"2025-01-09T16:04:17.126Z"}
{"level":"info","message":"Registering endpoint hit...","service":"identity-service","timestamp":"2025-01-09T16:04:17.130Z"}
{"level":"warn","message":"User already exists","service":"identity-service","timestamp":"2025-01-09T16:04:17.270Z"}
{"level":"info","message":"Received POST request to /api/auth/register","service":"identity-service","timestamp":"2025-01-09T16:04:45.528Z"}
{"level":"info","message":"Request body: {\"username\":\"Bouncy\",\"email\":\"bouncy@gmail.com\",\"password\":\"123456\"}","service":"identity-service","timestamp":"2025-01-09T16:04:45.529Z"}
{"level":"info","message":"Registering endpoint hit...","service":"identity-service","timestamp":"2025-01-09T16:04:45.532Z"}
{"buffer":{"data":[103,127,243,157,173,59,145,19,62,76,226,0],"type":"Buffer"},"level":"warn","message":"User saved successfully","service":"identity-service","timestamp":"2025-01-09T16:04:45.930Z"}
{"level":"info","message":"Received POST request to /api/auth/register","service":"identity-service","timestamp":"2025-01-09T16:04:50.128Z"}
{"level":"info","message":"Request body: {\"username\":\"Bouncy\",\"email\":\"bouncy@gmail.com\",\"password\":\"123456\"}","service":"identity-service","timestamp":"2025-01-09T16:04:50.129Z"}
{"level":"info","message":"Registering endpoint hit...","service":"identity-service","timestamp":"2025-01-09T16:04:50.131Z"}
{"level":"warn","message":"User already exists","service":"identity-service","timestamp":"2025-01-09T16:04:50.260Z"}
{"level":"info","message":"Received POST request to /api/auth/register","service":"identity-service","timestamp":"2025-01-09T16:58:59.883Z"}
{"level":"info","message":"Request body: {\"username\":\"Bouncy\",\"email\":\"bouncy@gmail.com\",\"password\":\"123456\"}","service":"identity-service","timestamp":"2025-01-09T16:58:59.884Z"}
{"level":"info","message":"Registering endpoint hit...","service":"identity-service","timestamp":"2025-01-09T16:58:59.887Z"}
{"level":"warn","message":"User already exists","service":"identity-service","timestamp":"2025-01-09T16:59:00.014Z"}
{"level":"info","message":"Received POST request to /api/auth/register","service":"identity-service","timestamp":"2025-01-09T16:59:02.583Z"}
{"level":"info","message":"Request body: {\"username\":\"Bouncy\",\"email\":\"bouncy@gmail.com\",\"password\":\"123456\"}","service":"identity-service","timestamp":"2025-01-09T16:59:02.584Z"}
{"level":"info","message":"Registering endpoint hit...","service":"identity-service","timestamp":"2025-01-09T16:59:02.586Z"}
{"level":"warn","message":"User already exists","service":"identity-service","timestamp":"2025-01-09T16:59:02.716Z"}
{"level":"info","message":"Received POST request to /api/auth/register","service":"identity-service","timestamp":"2025-01-09T16:59:17.771Z"}
{"level":"info","message":"Request body: {\"username\":\"Blessing\",\"email\":\"bouncy@gmail.com\",\"password\":\"123456\"}","service":"identity-service","timestamp":"2025-01-09T16:59:17.772Z"}
{"level":"info","message":"Registering endpoint hit...","service":"identity-service","timestamp":"2025-01-09T16:59:17.774Z"}
{"level":"warn","message":"User already exists","service":"identity-service","timestamp":"2025-01-09T16:59:17.900Z"}
{"level":"info","message":"Received POST request to /api/auth/register","service":"identity-service","timestamp":"2025-01-09T16:59:34.572Z"}
{"level":"info","message":"Request body: {\"username\":\"Blessing\",\"email\":\"blessing@gmail.com\",\"password\":\"123456\"}","service":"identity-service","timestamp":"2025-01-09T16:59:34.572Z"}
{"level":"info","message":"Registering endpoint hit...","service":"identity-service","timestamp":"2025-01-09T16:59:34.577Z"}
{"buffer":{"data":[103,128,0,118,173,59,145,19,62,76,226,9],"type":"Buffer"},"level":"warn","message":"User saved successfully","service":"identity-service","timestamp":"2025-01-09T16:59:34.959Z"}
{"level":"info","message":"Identity Service started on port 3001","service":"identity-service","timestamp":"2025-01-09T17:23:33.423Z"}
{"level":"info","message":"Connected to database","service":"identity-service","timestamp":"2025-01-09T17:23:35.076Z"}
{"level":"info","message":"Identity Service started on port 3001","service":"identity-service","timestamp":"2025-01-09T17:23:37.601Z"}
{"level":"info","message":"Identity Service started on port 3001","service":"identity-service","timestamp":"2025-01-09T17:23:39.851Z"}
{"level":"info","message":"Connected to database","service":"identity-service","timestamp":"2025-01-09T17:23:41.294Z"}
{"level":"info","message":"Identity Service started on port 3001","service":"identity-service","timestamp":"2025-01-09T17:23:45.530Z"}
{"cause":{"code":"ETIMEDOUT"},"connectionGeneration":0,"level":"error","message":"Error connecting to database:  connect ETIMEDOUT 34.231.226.196:27017, connect ENETUNREACH 64:ff9b::22e7:e2c4:27017 - Local (:::0)","service":"identity-service","stack":"MongoNetworkError: connect ETIMEDOUT 34.231.226.196:27017, connect ENETUNREACH 64:ff9b::22e7:e2c4:27017 - Local (:::0)\n    at TLSSocket.<anonymous> (/root/code/Harrytimbog/microservices/social-media-microservices/identity-service/node_modules/mongodb/lib/cmap/connect.js:285:44)\n    at Object.onceWrapper (node:events:634:26)\n    at TLSSocket.emit (node:events:519:28)\n    at emitErrorNT (node:internal/streams/destroy:169:8)\n    at emitErrorCloseNT (node:internal/streams/destroy:128:3)\n    at process.processTicksAndRejections (node:internal/process/task_queues:82:21)","timestamp":"2025-01-09T17:23:46.471Z"}
{"level":"info","message":"Identity Service started on port 3001","service":"identity-service","timestamp":"2025-01-09T17:23:50.966Z"}
{"cause":{"code":"ETIMEDOUT"},"connectionGeneration":0,"level":"error","message":"Error connecting to database:  connect ETIMEDOUT 34.231.226.196:27017, connect ENETUNREACH 64:ff9b::22e7:e2c4:27017 - Local (:::0)","service":"identity-service","stack":"MongoNetworkError: connect ETIMEDOUT 34.231.226.196:27017, connect ENETUNREACH 64:ff9b::22e7:e2c4:27017 - Local (:::0)\n    at TLSSocket.<anonymous> (/root/code/Harrytimbog/microservices/social-media-microservices/identity-service/node_modules/mongodb/lib/cmap/connect.js:285:44)\n    at Object.onceWrapper (node:events:634:26)\n    at TLSSocket.emit (node:events:519:28)\n    at emitErrorNT (node:internal/streams/destroy:169:8)\n    at emitErrorCloseNT (node:internal/streams/destroy:128:3)\n    at process.processTicksAndRejections (node:internal/process/task_queues:82:21)","timestamp":"2025-01-09T17:23:51.810Z"}
{"level":"info","message":"Identity Service started on port 3001","service":"identity-service","timestamp":"2025-01-09T17:23:57.241Z"}
{"level":"info","message":"Identity Service started on port 3001","service":"identity-service","timestamp":"2025-01-09T17:24:00.855Z"}
{"level":"info","message":"Identity Service started on port 3001","service":"identity-service","timestamp":"2025-01-09T17:24:04.629Z"}
{"level":"info","message":"Connected to database","service":"identity-service","timestamp":"2025-01-09T17:24:06.158Z"}
{"level":"info","message":"Identity Service started on port 3001","service":"identity-service","timestamp":"2025-01-09T17:24:22.096Z"}
{"level":"info","message":"Connected to database","service":"identity-service","timestamp":"2025-01-09T17:24:23.534Z"}
{"level":"info","message":"Identity Service started on port 3001","service":"identity-service","timestamp":"2025-01-09T17:25:23.118Z"}
{"level":"info","message":"Connected to database","service":"identity-service","timestamp":"2025-01-09T17:25:24.821Z"}
{"level":"info","message":"Identity Service started on port 3001","service":"identity-service","timestamp":"2025-01-09T17:25:25.996Z"}
{"level":"info","message":"Connected to database","service":"identity-service","timestamp":"2025-01-09T17:25:27.407Z"}
{"level":"info","message":"Identity Service started on port 3001","service":"identity-service","timestamp":"2025-01-09T17:25:33.890Z"}
{"level":"info","message":"Identity Service started on port 3001","service":"identity-service","timestamp":"2025-01-09T17:25:36.028Z"}
{"level":"info","message":"Connected to database","service":"identity-service","timestamp":"2025-01-09T17:25:37.333Z"}
{"level":"info","message":"Identity Service started on port 3001","service":"identity-service","timestamp":"2025-01-09T17:25:43.689Z"}
{"level":"info","message":"Connected to database","service":"identity-service","timestamp":"2025-01-09T17:25:45.220Z"}
{"level":"info","message":"Identity Service started on port 3001","service":"identity-service","timestamp":"2025-01-09T17:25:50.324Z"}
{"level":"info","message":"Identity Service started on port 3001","service":"identity-service","timestamp":"2025-01-09T17:25:52.846Z"}
{"level":"info","message":"Connected to database","service":"identity-service","timestamp":"2025-01-09T17:25:54.199Z"}
{"level":"info","message":"Identity Service started on port 3001","service":"identity-service","timestamp":"2025-01-09T17:26:03.314Z"}
{"level":"info","message":"Connected to database","service":"identity-service","timestamp":"2025-01-09T17:26:04.863Z"}
{"level":"info","message":"Identity Service started on port 3001","service":"identity-service","timestamp":"2025-01-09T17:26:34.849Z"}
{"level":"info","message":"Identity Service started on port 3001","service":"identity-service","timestamp":"2025-01-09T17:26:37.407Z"}
{"level":"info","message":"Identity Service started on port 3001","service":"identity-service","timestamp":"2025-01-09T17:26:38.683Z"}
{"level":"info","message":"Identity Service started on port 3001","service":"identity-service","timestamp":"2025-01-09T17:26:40.927Z"}
{"level":"info","message":"Connected to database","service":"identity-service","timestamp":"2025-01-09T17:26:42.422Z"}
{"level":"info","message":"Identity Service started on port 3001","service":"identity-service","timestamp":"2025-01-09T17:26:51.874Z"}
{"level":"info","message":"Connected to database","service":"identity-service","timestamp":"2025-01-09T17:26:53.296Z"}
{"level":"info","message":"Identity Service started on port 3001","service":"identity-service","timestamp":"2025-01-09T17:26:58.063Z"}
{"level":"info","message":"Identity Service started on port 3001","service":"identity-service","timestamp":"2025-01-09T17:27:01.211Z"}
{"level":"info","message":"Connected to database","service":"identity-service","timestamp":"2025-01-09T17:27:02.769Z"}
{"level":"info","message":"Identity Service started on port 3001","service":"identity-service","timestamp":"2025-01-09T17:27:06.176Z"}
{"level":"info","message":"Connected to database","service":"identity-service","timestamp":"2025-01-09T17:27:07.812Z"}
{"level":"info","message":"Identity Service started on port 3001","service":"identity-service","timestamp":"2025-01-09T17:27:10.529Z"}
{"level":"info","message":"Connected to database","service":"identity-service","timestamp":"2025-01-09T17:27:11.868Z"}
{"level":"info","message":"Identity Service started on port 3001","service":"identity-service","timestamp":"2025-01-09T17:27:38.244Z"}
{"level":"info","message":"Connected to database","service":"identity-service","timestamp":"2025-01-09T17:27:39.878Z"}
{"level":"info","message":"Identity Service started on port 3001","service":"identity-service","timestamp":"2025-01-09T17:27:42.920Z"}
{"level":"info","message":"Connected to database","service":"identity-service","timestamp":"2025-01-09T17:27:44.381Z"}
{"level":"info","message":"Identity Service started on port 3001","service":"identity-service","timestamp":"2025-01-09T17:27:50.623Z"}
{"level":"info","message":"Connected to database","service":"identity-service","timestamp":"2025-01-09T17:27:52.125Z"}
{"level":"info","message":"Identity Service started on port 3001","service":"identity-service","timestamp":"2025-01-09T17:27:58.291Z"}
{"level":"info","message":"Connected to database","service":"identity-service","timestamp":"2025-01-09T17:27:59.653Z"}
{"level":"info","message":"Identity Service started on port 3001","service":"identity-service","timestamp":"2025-01-09T17:28:07.035Z"}
{"level":"info","message":"Connected to database","service":"identity-service","timestamp":"2025-01-09T17:28:08.574Z"}
{"level":"info","message":"Identity Service started on port 3001","service":"identity-service","timestamp":"2025-01-09T17:28:17.669Z"}
{"level":"info","message":"Connected to database","service":"identity-service","timestamp":"2025-01-09T17:28:19.056Z"}
{"level":"info","message":"Identity Service started on port 3001","service":"identity-service","timestamp":"2025-01-09T17:28:34.491Z"}
{"level":"info","message":"Connected to database","service":"identity-service","timestamp":"2025-01-09T17:28:36.010Z"}
{"level":"info","message":"Identity Service started on port 3001","service":"identity-service","timestamp":"2025-01-09T17:28:51.097Z"}
{"level":"info","message":"Identity Service started on port 3001","service":"identity-service","timestamp":"2025-01-09T17:28:53.330Z"}
{"level":"info","message":"Connected to database","service":"identity-service","timestamp":"2025-01-09T17:28:54.976Z"}
{"level":"info","message":"Identity Service started on port 3001","service":"identity-service","timestamp":"2025-01-09T17:29:03.738Z"}
{"level":"info","message":"Connected to database","service":"identity-service","timestamp":"2025-01-09T17:29:05.236Z"}
{"level":"info","message":"Identity Service started on port 3001","service":"identity-service","timestamp":"2025-01-09T17:29:21.447Z"}
{"level":"info","message":"Connected to database","service":"identity-service","timestamp":"2025-01-09T17:29:22.982Z"}
{"level":"info","message":"Identity Service started on port 3001","service":"identity-service","timestamp":"2025-01-09T17:29:31.070Z"}
{"level":"info","message":"Connected to database","service":"identity-service","timestamp":"2025-01-09T17:29:32.546Z"}
{"level":"info","message":"Identity Service started on port 3001","service":"identity-service","timestamp":"2025-01-09T17:29:43.643Z"}
{"level":"info","message":"Connected to database","service":"identity-service","timestamp":"2025-01-09T17:29:45.086Z"}
{"level":"info","message":"Identity Service started on port 3001","service":"identity-service","timestamp":"2025-01-09T17:29:54.915Z"}
{"level":"info","message":"Connected to database","service":"identity-service","timestamp":"2025-01-09T17:29:56.774Z"}
{"level":"info","message":"Identity Service started on port 3001","service":"identity-service","timestamp":"2025-01-09T17:30:03.440Z"}
{"level":"info","message":"Connected to database","service":"identity-service","timestamp":"2025-01-09T17:30:04.906Z"}
{"level":"info","message":"Identity Service started on port 3001","service":"identity-service","timestamp":"2025-01-09T17:30:11.153Z"}
{"level":"info","message":"Connected to database","service":"identity-service","timestamp":"2025-01-09T17:30:12.579Z"}
{"level":"info","message":"Identity Service started on port 3001","service":"identity-service","timestamp":"2025-01-09T17:30:45.481Z"}
{"level":"info","message":"Identity Service started on port 3001","service":"identity-service","timestamp":"2025-01-09T17:30:47.157Z"}
{"level":"info","message":"Connected to database","service":"identity-service","timestamp":"2025-01-09T17:30:48.623Z"}
{"level":"info","message":"Identity Service started on port 3001","service":"identity-service","timestamp":"2025-01-09T17:30:51.957Z"}
{"level":"info","message":"Identity Service started on port 3001","service":"identity-service","timestamp":"2025-01-09T17:30:54.367Z"}
{"level":"info","message":"Identity Service started on port 3001","service":"identity-service","timestamp":"2025-01-09T17:30:56.391Z"}
{"level":"info","message":"Connected to database","service":"identity-service","timestamp":"2025-01-09T17:30:57.979Z"}
{"level":"info","message":"Identity Service started on port 3001","service":"identity-service","timestamp":"2025-01-09T17:30:59.103Z"}
{"level":"info","message":"Identity Service started on port 3001","service":"identity-service","timestamp":"2025-01-09T17:31:02.120Z"}
{"level":"info","message":"Connected to database","service":"identity-service","timestamp":"2025-01-09T17:31:03.525Z"}
{"level":"info","message":"Identity Service started on port 3001","service":"identity-service","timestamp":"2025-01-09T17:31:05.258Z"}
{"level":"info","message":"Connected to database","service":"identity-service","timestamp":"2025-01-09T17:31:06.786Z"}
{"level":"info","message":"Identity Service started on port 3001","service":"identity-service","timestamp":"2025-01-09T17:31:18.932Z"}
{"level":"info","message":"Connected to database","service":"identity-service","timestamp":"2025-01-09T17:31:20.456Z"}
{"level":"info","message":"Identity Service started on port 3001","service":"identity-service","timestamp":"2025-01-09T17:31:51.915Z"}
{"level":"info","message":"Identity Service started on port 3001","service":"identity-service","timestamp":"2025-01-09T17:31:56.664Z"}
{"level":"info","message":"Connected to database","service":"identity-service","timestamp":"2025-01-09T17:31:58.338Z"}
{"level":"info","message":"Identity Service started on port 3001","service":"identity-service","timestamp":"2025-01-09T17:32:22.427Z"}
{"level":"info","message":"Connected to database","service":"identity-service","timestamp":"2025-01-09T17:32:23.947Z"}
{"level":"info","message":"Identity Service started on port 3001","service":"identity-service","timestamp":"2025-01-09T17:32:33.105Z"}
{"level":"info","message":"Connected to database","service":"identity-service","timestamp":"2025-01-09T17:32:34.690Z"}
{"level":"info","message":"Identity Service started on port 3001","service":"identity-service","timestamp":"2025-01-09T17:32:43.717Z"}
{"level":"info","message":"Connected to database","service":"identity-service","timestamp":"2025-01-09T17:32:45.107Z"}
{"level":"info","message":"Identity Service started on port 3001","service":"identity-service","timestamp":"2025-01-09T17:32:48.808Z"}
{"level":"info","message":"Identity Service started on port 3001","service":"identity-service","timestamp":"2025-01-09T17:32:50.585Z"}
{"level":"info","message":"Connected to database","service":"identity-service","timestamp":"2025-01-09T17:32:52.008Z"}
{"level":"info","message":"Identity Service started on port 3001","service":"identity-service","timestamp":"2025-01-09T17:32:53.387Z"}
{"level":"info","message":"Identity Service started on port 3001","service":"identity-service","timestamp":"2025-01-09T17:32:54.938Z"}
{"level":"info","message":"Identity Service started on port 3001","service":"identity-service","timestamp":"2025-01-09T17:32:56.753Z"}
{"level":"info","message":"Identity Service started on port 3001","service":"identity-service","timestamp":"2025-01-09T17:33:01.444Z"}
{"level":"info","message":"Identity Service started on port 3001","service":"identity-service","timestamp":"2025-01-09T17:33:03.707Z"}
{"level":"info","message":"Connected to database","service":"identity-service","timestamp":"2025-01-09T17:33:05.334Z"}
{"level":"info","message":"Identity Service started on port 3001","service":"identity-service","timestamp":"2025-01-09T17:33:06.839Z"}
{"level":"info","message":"Connected to database","service":"identity-service","timestamp":"2025-01-09T17:33:08.240Z"}
{"level":"info","message":"Identity Service started on port 3001","service":"identity-service","timestamp":"2025-01-09T17:33:38.891Z"}
{"level":"info","message":"Connected to database","service":"identity-service","timestamp":"2025-01-09T17:33:40.521Z"}
{"level":"info","message":"Identity Service started on port 3001","service":"identity-service","timestamp":"2025-01-09T17:33:42.045Z"}
{"level":"info","message":"Identity Service started on port 3001","service":"identity-service","timestamp":"2025-01-09T17:33:47.560Z"}
{"level":"info","message":"Connected to database","service":"identity-service","timestamp":"2025-01-09T17:33:48.946Z"}
{"level":"info","message":"Identity Service started on port 3001","service":"identity-service","timestamp":"2025-01-09T17:34:07.909Z"}
{"level":"info","message":"Connected to database","service":"identity-service","timestamp":"2025-01-09T17:34:09.648Z"}
{"level":"info","message":"Identity Service started on port 3001","service":"identity-service","timestamp":"2025-01-09T17:40:02.797Z"}
{"level":"info","message":"Connected to database","service":"identity-service","timestamp":"2025-01-09T17:40:04.538Z"}
{"level":"info","message":"Received POST request to /api/auth/login","service":"identity-service","timestamp":"2025-01-09T17:40:13.086Z"}
{"level":"info","message":"Request body: {\"email\":\"blessing@gmail.com\",\"password\":\"123456\"}","service":"identity-service","timestamp":"2025-01-09T17:40:13.087Z"}
{"level":"info","message":"Login endpoint hit...","service":"identity-service","timestamp":"2025-01-09T17:40:13.095Z"}
